2023-10-05T10:03:19.432+05:30  INFO 2520 --- [restartedMain] c.p.v.VendormanagementsystemApplication  : Starting VendormanagementsystemApplication using Java 17.0.6 with PID 2520 (D:\vendormanagementsystem\target\classes started by PRAVEEN in D:\vendormanagementsystem)
2023-10-05T10:03:19.442+05:30  INFO 2520 --- [restartedMain] c.p.v.VendormanagementsystemApplication  : No active profile set, falling back to 1 default profile: "default"
2023-10-05T10:03:19.550+05:30  INFO 2520 --- [restartedMain] .e.DevToolsPropertyDefaultsPostProcessor : Devtools property defaults active! Set 'spring.devtools.add-properties' to 'false' to disable
2023-10-05T10:03:19.551+05:30  INFO 2520 --- [restartedMain] .e.DevToolsPropertyDefaultsPostProcessor : For additional web related logging consider setting the 'logging.level.web' property to 'DEBUG'
2023-10-05T10:03:21.086+05:30  INFO 2520 --- [restartedMain] .s.d.r.c.RepositoryConfigurationDelegate : Bootstrapping Spring Data JPA repositories in DEFAULT mode.
2023-10-05T10:03:21.230+05:30  INFO 2520 --- [restartedMain] .s.d.r.c.RepositoryConfigurationDelegate : Finished Spring Data repository scanning in 129 ms. Found 6 JPA repository interfaces.
2023-10-05T10:03:22.545+05:30  INFO 2520 --- [restartedMain] o.s.b.w.embedded.tomcat.TomcatWebServer  : Tomcat initialized with port(s): 1612 (http)
2023-10-05T10:03:22.567+05:30  INFO 2520 --- [restartedMain] o.apache.catalina.core.StandardService   : Starting service [Tomcat]
2023-10-05T10:03:22.568+05:30  INFO 2520 --- [restartedMain] o.apache.catalina.core.StandardEngine    : Starting Servlet engine: [Apache Tomcat/10.1.13]
2023-10-05T10:03:22.786+05:30  INFO 2520 --- [restartedMain] o.a.c.c.C.[.[localhost].[/api/v1]        : Initializing Spring embedded WebApplicationContext
2023-10-05T10:03:22.788+05:30  INFO 2520 --- [restartedMain] w.s.c.ServletWebServerApplicationContext : Root WebApplicationContext: initialization completed in 3236 ms
2023-10-05T10:03:23.170+05:30  INFO 2520 --- [restartedMain] o.hibernate.jpa.internal.util.LogHelper  : HHH000204: Processing PersistenceUnitInfo [name: default]
2023-10-05T10:03:23.317+05:30  INFO 2520 --- [restartedMain] org.hibernate.Version                    : HHH000412: Hibernate ORM core version 6.2.9.Final
2023-10-05T10:03:23.324+05:30  INFO 2520 --- [restartedMain] org.hibernate.cfg.Environment            : HHH000406: Using bytecode reflection optimizer
2023-10-05T10:03:23.621+05:30  INFO 2520 --- [restartedMain] o.h.b.i.BytecodeProviderInitiator        : HHH000021: Bytecode provider name : bytebuddy
2023-10-05T10:03:23.879+05:30  INFO 2520 --- [restartedMain] o.s.o.j.p.SpringPersistenceUnitInfo      : No LoadTimeWeaver setup: ignoring JPA class transformer
2023-10-05T10:03:23.915+05:30  INFO 2520 --- [restartedMain] com.zaxxer.hikari.HikariDataSource       : HikariPool-1 - Starting...
2023-10-05T10:03:24.496+05:30  INFO 2520 --- [restartedMain] com.zaxxer.hikari.pool.HikariPool        : HikariPool-1 - Added connection com.mysql.cj.jdbc.ConnectionImpl@279ad917
2023-10-05T10:03:24.500+05:30  INFO 2520 --- [restartedMain] com.zaxxer.hikari.HikariDataSource       : HikariPool-1 - Start completed.
2023-10-05T10:03:24.615+05:30  WARN 2520 --- [restartedMain] org.hibernate.orm.deprecation            : HHH90000026: MySQL8Dialect has been deprecated; use org.hibernate.dialect.MySQLDialect instead
2023-10-05T10:03:25.159+05:30  INFO 2520 --- [restartedMain] o.h.b.i.BytecodeProviderInitiator        : HHH000021: Bytecode provider name : bytebuddy
2023-10-05T10:03:26.575+05:30  INFO 2520 --- [restartedMain] o.h.e.t.j.p.i.JtaPlatformInitiator       : HHH000490: Using JtaPlatform implementation: [org.hibernate.engine.transaction.jta.platform.internal.NoJtaPlatform]
2023-10-05T10:03:27.477+05:30  INFO 2520 --- [restartedMain] j.LocalContainerEntityManagerFactoryBean : Initialized JPA EntityManagerFactory for persistence unit 'default'
2023-10-05T10:03:28.702+05:30  WARN 2520 --- [restartedMain] JpaBaseConfiguration$JpaWebConfiguration : spring.jpa.open-in-view is enabled by default. Therefore, database queries may be performed during view rendering. Explicitly configure spring.jpa.open-in-view to disable this warning
2023-10-05T10:03:29.374+05:30  INFO 2520 --- [restartedMain] o.s.s.web.DefaultSecurityFilterChain     : Will secure any request with [org.springframework.security.web.session.DisableEncodeUrlFilter@2e40cf04, org.springframework.security.web.context.request.async.WebAsyncManagerIntegrationFilter@21b3d2a9, org.springframework.security.web.context.SecurityContextHolderFilter@4fa29aa8, org.springframework.security.web.header.HeaderWriterFilter@6ff5cf9d, org.springframework.web.filter.CorsFilter@2765a78a, org.springframework.security.web.authentication.logout.LogoutFilter@3d96b249, com.paranthaman.vendormanagementsystem.config.JwtAuthenticationFilter@567eb1d, org.springframework.security.web.savedrequest.RequestCacheAwareFilter@88f0f7c, org.springframework.security.web.servletapi.SecurityContextHolderAwareRequestFilter@2d2b27f7, org.springframework.security.web.authentication.AnonymousAuthenticationFilter@48a262cd, org.springframework.security.web.session.SessionManagementFilter@7b8e29c4, org.springframework.security.web.access.ExceptionTranslationFilter@10754bc6, org.springframework.security.web.access.intercept.AuthorizationFilter@6c1c6c01]
2023-10-05T10:03:29.966+05:30  INFO 2520 --- [restartedMain] o.s.b.d.a.OptionalLiveReloadServer       : LiveReload server is running on port 35729
2023-10-05T10:03:30.095+05:30  INFO 2520 --- [restartedMain] o.s.b.w.embedded.tomcat.TomcatWebServer  : Tomcat started on port(s): 1612 (http) with context path '/api/v1'
2023-10-05T10:03:30.116+05:30  INFO 2520 --- [restartedMain] c.p.v.VendormanagementsystemApplication  : Started VendormanagementsystemApplication in 11.448 seconds (process running for 13.151)
2023-10-05T10:35:22.412+05:30  INFO 2520 --- [http-nio-1612-exec-2] o.a.c.c.C.[.[localhost].[/api/v1]        : Initializing Spring DispatcherServlet 'dispatcherServlet'
2023-10-05T10:35:22.423+05:30  INFO 2520 --- [http-nio-1612-exec-2] o.s.web.servlet.DispatcherServlet        : Initializing Servlet 'dispatcherServlet'
2023-10-05T10:35:22.469+05:30  INFO 2520 --- [http-nio-1612-exec-2] o.s.web.servlet.DispatcherServlet        : Completed initialization in 46 ms
2023-10-05T10:35:22.502+05:30 DEBUG 2520 --- [http-nio-1612-exec-2] o.s.security.web.FilterChainProxy        : Securing POST /auth/signup
2023-10-05T10:35:22.543+05:30 DEBUG 2520 --- [http-nio-1612-exec-2] o.s.s.w.a.AnonymousAuthenticationFilter  : Set SecurityContextHolder to anonymous SecurityContext
2023-10-05T10:35:22.586+05:30 DEBUG 2520 --- [http-nio-1612-exec-2] o.s.security.web.FilterChainProxy        : Secured POST /auth/signup
2023-10-05T10:35:38.069+05:30 DEBUG 2520 --- [http-nio-1612-exec-3] o.s.security.web.FilterChainProxy        : Securing POST /auth/login
2023-10-05T10:35:38.071+05:30 DEBUG 2520 --- [http-nio-1612-exec-3] o.s.s.w.a.AnonymousAuthenticationFilter  : Set SecurityContextHolder to anonymous SecurityContext
2023-10-05T10:35:38.071+05:30 DEBUG 2520 --- [http-nio-1612-exec-3] o.s.security.web.FilterChainProxy        : Secured POST /auth/login
2023-10-05T10:35:38.436+05:30 DEBUG 2520 --- [http-nio-1612-exec-3] o.s.s.a.dao.DaoAuthenticationProvider    : Authenticated user
2023-10-05T10:36:01.551+05:30 DEBUG 2520 --- [http-nio-1612-exec-4] o.s.security.web.FilterChainProxy        : Securing GET /admin
2023-10-05T10:36:01.693+05:30 DEBUG 2520 --- [http-nio-1612-exec-4] o.s.security.web.FilterChainProxy        : Secured GET /admin
